c:\users\renat\source\repos\renato_craveiro_2020_21_poo_2018011392\renato_craveiro_2020_21_poo_2018011392\debug\vc142.pdb
c:\users\renat\source\repos\renato_craveiro_2020_21_poo_2018011392\renato_craveiro_2020_21_poo_2018011392\debug\vc142.idb
c:\users\renat\source\repos\renato_craveiro_2020_21_poo_2018011392\renato_craveiro_2020_21_poo_2018011392\debug\territorio_inicial.obj
c:\users\renat\source\repos\renato_craveiro_2020_21_poo_2018011392\renato_craveiro_2020_21_poo_2018011392\debug\territorio.obj
c:\users\renat\source\repos\renato_craveiro_2020_21_poo_2018011392\renato_craveiro_2020_21_poo_2018011392\debug\tecnologias.obj
c:\users\renat\source\repos\renato_craveiro_2020_21_poo_2018011392\renato_craveiro_2020_21_poo_2018011392\debug\renato_craveiro_2020_21_poo_2018011392.obj
c:\users\renat\source\repos\renato_craveiro_2020_21_poo_2018011392\renato_craveiro_2020_21_poo_2018011392\debug\mundo.obj
c:\users\renat\source\repos\renato_craveiro_2020_21_poo_2018011392\renato_craveiro_2020_21_poo_2018011392\debug\ilha.obj
c:\users\renat\source\repos\renato_craveiro_2020_21_poo_2018011392\renato_craveiro_2020_21_poo_2018011392\debug\continente.obj
c:\users\renat\source\repos\renato_craveiro_2020_21_poo_2018011392\renato_craveiro_2020_21_poo_2018011392\debug\imperio.obj
c:\users\renat\source\repos\renato_craveiro_2020_21_poo_2018011392\renato_craveiro_2020_21_poo_2018011392\debug\planicie.obj
c:\users\renat\source\repos\renato_craveiro_2020_21_poo_2018011392\renato_craveiro_2020_21_poo_2018011392\debug\montanha.obj
c:\users\renat\source\repos\renato_craveiro_2020_21_poo_2018011392\renato_craveiro_2020_21_poo_2018011392\debug\mina.obj
c:\users\renat\source\repos\renato_craveiro_2020_21_poo_2018011392\renato_craveiro_2020_21_poo_2018011392\debug\fortaleza.obj
c:\users\renat\source\repos\renato_craveiro_2020_21_poo_2018011392\renato_craveiro_2020_21_poo_2018011392\debug\duna.obj
c:\users\renat\source\repos\renato_craveiro_2020_21_poo_2018011392\renato_craveiro_2020_21_poo_2018011392\debug\castelo.obj
c:\users\renat\source\repos\renato_craveiro_2020_21_poo_2018011392\renato_craveiro_2020_21_poo_2018011392\debug\interpretador.obj
c:\users\renat\source\repos\renato_craveiro_2020_21_poo_2018011392\debug\renato_craveiro_2020_21_poo_2018011392.exe
c:\users\renat\source\repos\renato_craveiro_2020_21_poo_2018011392\debug\renato_craveiro_2020_21_poo_2018011392.ilk
c:\users\renat\source\repos\renato_craveiro_2020_21_poo_2018011392\debug\renato_craveiro_2020_21_poo_2018011392.pdb
c:\users\renat\source\repos\renato_craveiro_2020_21_poo_2018011392\renato_craveiro_2020_21_poo_2018011392\debug\renato_c.816e1084.tlog\cl.command.1.tlog
c:\users\renat\source\repos\renato_craveiro_2020_21_poo_2018011392\renato_craveiro_2020_21_poo_2018011392\debug\renato_c.816e1084.tlog\cl.read.1.tlog
c:\users\renat\source\repos\renato_craveiro_2020_21_poo_2018011392\renato_craveiro_2020_21_poo_2018011392\debug\renato_c.816e1084.tlog\cl.write.1.tlog
c:\users\renat\source\repos\renato_craveiro_2020_21_poo_2018011392\renato_craveiro_2020_21_poo_2018011392\debug\renato_c.816e1084.tlog\link.command.1.tlog
c:\users\renat\source\repos\renato_craveiro_2020_21_poo_2018011392\renato_craveiro_2020_21_poo_2018011392\debug\renato_c.816e1084.tlog\link.read.1.tlog
c:\users\renat\source\repos\renato_craveiro_2020_21_poo_2018011392\renato_craveiro_2020_21_poo_2018011392\debug\renato_c.816e1084.tlog\link.write.1.tlog
